<?xml version="1.0" encoding="UTF-8"?>
<!-- Generated by org.testng.reporters.JUnitReportReporter -->
<testsuite hostname="LAPTOP-S8KVD42F" failures="0" tests="4" name="com.automationday_TestNG.X_DataProviders" time="0.016" errors="0" timestamp="2023-09-18T23:29:04 GMT-04:00" skipped="0">
  <testcase classname="com.automationday_TestNG.X_DataProviders" name="login" time="0.002"/>
  <testcase classname="com.automationday_TestNG.X_DataProviders" name="login" time="0.010"/>
  <testcase classname="com.automationday_TestNG.X_DataProviders" name="login" time="0.002"/>
  <testcase classname="com.automationday_TestNG.X_DataProviders" name="login" time="0.002"/>
</testsuite> <!-- com.automationday_TestNG.X_DataProviders -->
