<?xml version="1.0" encoding="UTF-8"?>
<!-- Generated by org.testng.reporters.JUnitReportReporter -->
<testsuite hostname="LAPTOP-S8KVD42F" failures="0" tests="1" name="com_automationday_TestNG.Zoo" time="15.005" errors="0" timestamp="2023-10-05T15:09:16 GMT-04:00" skipped="0">
  <testcase classname="com_automationday_TestNG.Zoo" name="Setup" time="15.005"/>
</testsuite> <!-- com_automationday_TestNG.Zoo -->
