<?xml version="1.0" encoding="UTF-8"?>
<!-- Generated by org.testng.reporters.JUnitReportReporter -->
<testsuite hostname="LAPTOP-S8KVD42F" failures="0" tests="1" name="com.automationday_TestNG.PractiseRediff" time="14.867" errors="0" timestamp="2023-09-18T18:58:33 GMT-04:00" skipped="0">
  <testcase classname="com.automationday_TestNG.PractiseRediff" name="Logout" time="14.867"/>
</testsuite> <!-- com.automationday_TestNG.PractiseRediff -->
