<?xml version="1.0" encoding="UTF-8"?>
<!-- Generated by org.testng.reporters.JUnitReportReporter -->
<testsuite hostname="LAPTOP-S8KVD42F" failures="0" tests="3" name="com_automationday_TestNG.ITest" time="0.014" errors="0" timestamp="2023-10-20T15:39:31 GMT-04:00" skipped="0">
  <testcase classname="com_automationday_TestNG.ITest" name="Experiment3" time="0.003"/>
  <testcase classname="com_automationday_TestNG.ITest" name="Experiment1" time="0.010"/>
  <testcase classname="com_automationday_TestNG.ITest" name="Experiment2" time="0.001"/>
</testsuite> <!-- com_automationday_TestNG.ITest -->
