<?xml version="1.0" encoding="UTF-8"?>
<!-- Generated by org.testng.reporters.JUnitReportReporter -->
<testsuite hostname="LAPTOP-S8KVD42F" failures="0" tests="1" name="com_automationday_TestNG.Window_popups" time="16.840" errors="0" timestamp="2023-10-02T21:11:39 GMT-04:00" skipped="0">
  <testcase classname="com_automationday_TestNG.Window_popups" name="setup" time="16.840"/>
</testsuite> <!-- com_automationday_TestNG.Window_popups -->
