<?xml version="1.0" encoding="UTF-8"?>
<!-- Generated by org.testng.reporters.JUnitReportReporter -->
<testsuite hostname="LAPTOP-S8KVD42F" failures="0" tests="1" name="bootcampframework_3.LoginTest" time="23.420" errors="0" timestamp="2024-01-17T15:15:08 GMT-05:00" skipped="0">
  <testcase classname="bootcampframework_3.LoginTest" name="VerifyLoginWithValidCredentials" time="23.420"/>
</testsuite> <!-- bootcampframework_3.LoginTest -->
