<?xml version="1.0" encoding="UTF-8"?>
<!-- Generated by org.testng.reporters.JUnitReportReporter -->
<testsuite hostname="LAPTOP-S8KVD42F" failures="0" tests="1" name="com_automationday_TestNG.Learning_Screenshots" time="10.951" errors="0" timestamp="2023-12-22T00:38:30 GMT-05:00" skipped="0">
  <testcase classname="com_automationday_TestNG.Learning_Screenshots" name="screenshot" time="10.951"/>
</testsuite> <!-- com_automationday_TestNG.Learning_Screenshots -->
