<?xml version="1.0" encoding="UTF-8"?>
<!-- Generated by org.testng.reporters.JUnitReportReporter -->
<testsuite hostname="LAPTOP-S8KVD42F" failures="0" tests="1" name="com_automationday_TestNG.Settings" time="6.026" errors="0" timestamp="2023-10-01T08:16:11 GMT-04:00" skipped="0">
  <testcase classname="com_automationday_TestNG.Settings" name="setup" time="6.026"/>
</testsuite> <!-- com_automationday_TestNG.Settings -->
