<?xml version="1.0" encoding="UTF-8"?>
<!-- Generated by org.testng.reporters.JUnitReportReporter -->
<testsuite hostname="LAPTOP-S8KVD42F" failures="0" tests="1" name="com.automationday_TestNG.Y_Asserts" time="12.517" errors="0" timestamp="2023-09-19T16:24:23 GMT-04:00" skipped="0">
  <testcase classname="com.automationday_TestNG.Y_Asserts" name="login" time="12.517"/>
</testsuite> <!-- com.automationday_TestNG.Y_Asserts -->
