<?xml version="1.0" encoding="UTF-8"?>
<!-- Generated by org.testng.reporters.JUnitReportReporter -->
<testsuite hostname="LAPTOP-S8KVD42F" failures="0" tests="1" name="com_automationday_TestNG.MOE3" time="63.663" errors="0" timestamp="2023-10-12T16:58:19 GMT-04:00" skipped="0">
  <testcase classname="com_automationday_TestNG.MOE3" name="Login" time="63.663"/>
</testsuite> <!-- com_automationday_TestNG.MOE3 -->
