<?xml version="1.0" encoding="UTF-8"?>
<!-- Generated by org.testng.reporters.JUnitReportReporter -->
<testsuite hostname="LAPTOP-S8KVD42F" failures="0" tests="1" name="com_automationday_TestNG.ZoomOptions" time="8.411" errors="0" timestamp="2023-10-05T09:19:38 GMT-04:00" skipped="0">
  <testcase classname="com_automationday_TestNG.ZoomOptions" name="Setup" time="8.411"/>
</testsuite> <!-- com_automationday_TestNG.ZoomOptions -->
