<?xml version="1.0" encoding="UTF-8"?>
<!-- Generated by org.testng.reporters.JUnitReportReporter -->
<testsuite hostname="LAPTOP-S8KVD42F" failures="0" tests="4" name="com_automationday_TestNG.Parameters_All_Asserts_XML" time="48.542" errors="0" timestamp="2023-09-30T00:53:10 GMT-04:00" skipped="0">
  <testcase classname="com_automationday_TestNG.Parameters_All_Asserts_XML" name="HardAss" time="12.660"/>
  <testcase classname="com_automationday_TestNG.Parameters_All_Asserts_XML" name="NegativeHardAss" time="9.289"/>
  <testcase classname="com_automationday_TestNG.Parameters_All_Asserts_XML" name="NegativeSoftAssert" time="10.731"/>
  <testcase classname="com_automationday_TestNG.Parameters_All_Asserts_XML" name="SoftAssert" time="15.862"/>
</testsuite> <!-- com_automationday_TestNG.Parameters_All_Asserts_XML -->
