<?xml version="1.0" encoding="UTF-8"?>
<!-- Generated by org.testng.reporters.JUnitReportReporter -->
<testsuite hostname="LAPTOP-S8KVD42F" failures="0" tests="2" name="com.automationday_TestNG.TestNG_WebElements_Tutorials" time="23.734" errors="0" timestamp="2023-09-27T23:18:52 GMT-04:00" skipped="0">
  <testcase classname="com.automationday_TestNG.TestNG_WebElements_Tutorials" name="login" time="11.045"/>
  <testcase classname="com.automationday_TestNG.TestNG_WebElements_Tutorials" name="logout" time="12.689"/>
</testsuite> <!-- com.automationday_TestNG.TestNG_WebElements_Tutorials -->
