<?xml version="1.0" encoding="UTF-8"?>
<!-- Generated by org.testng.reporters.JUnitReportReporter -->
<testsuite hostname="LAPTOP-S8KVD42F" failures="0" tests="1" name="com_automationday_TestNG.MOE4_Boxxx" time="37.014" errors="0" timestamp="2024-01-17T15:24:44 GMT-05:00" skipped="0">
  <testcase classname="com_automationday_TestNG.MOE4_Boxxx" name="Experiment1" time="37.014"/>
</testsuite> <!-- com_automationday_TestNG.MOE4_Boxxx -->
