<?xml version="1.0" encoding="UTF-8"?>
<!-- Generated by org.testng.reporters.JUnitReportReporter -->
<testsuite hostname="LAPTOP-S8KVD42F" failures="0" tests="1" name="bootcampframework_3.Tiitle" time="13.234" errors="0" timestamp="2024-01-14T09:26:32 GMT-05:00" skipped="0">
  <testcase classname="bootcampframework_3.Tiitle" name="getTittle" time="13.234"/>
</testsuite> <!-- bootcampframework_3.Tiitle -->
