<?xml version="1.0" encoding="UTF-8"?>
<!-- Generated by org.testng.reporters.JUnitReportReporter -->
<testsuite hostname="LAPTOP-S8KVD42F" failures="0" tests="1" name="com_automationday_TestNG.ActionsTest" time="9.696" errors="0" timestamp="2023-10-01T15:40:50 GMT-04:00" skipped="0">
  <testcase classname="com_automationday_TestNG.ActionsTest" name="setup" time="9.696"/>
</testsuite> <!-- com_automationday_TestNG.ActionsTest -->
