<?xml version="1.0" encoding="UTF-8"?>
<!-- Generated by org.testng.reporters.JUnitReportReporter -->
<testsuite hostname="LAPTOP-S8KVD42F" failures="0" tests="1" name="com_automationday_TestNG.Keyboard_actions" time="5.613" errors="0" timestamp="2023-10-02T13:32:09 GMT-04:00" skipped="0">
  <testcase classname="com_automationday_TestNG.Keyboard_actions" name="setup" time="5.613"/>
</testsuite> <!-- com_automationday_TestNG.Keyboard_actions -->
