<?xml version="1.0" encoding="UTF-8"?>
<!-- Generated by org.testng.reporters.JUnitReportReporter -->
<testsuite hostname="LAPTOP-S8KVD42F" failures="0" tests="1" name="com_automationday_TestNG.Responsess" time="4.399" errors="0" timestamp="2023-11-03T15:21:09 GMT-04:00" skipped="0">
  <testcase classname="com_automationday_TestNG.Responsess" name="Experiment1" time="4.399"/>
</testsuite> <!-- com_automationday_TestNG.Responsess -->
