<?xml version="1.0" encoding="UTF-8"?>
<!-- Generated by org.testng.reporters.JUnitReportReporter -->
<testsuite hostname="LAPTOP-S8KVD42F" failures="0" tests="2" name="com_automationday_TestNG.T1_WebElements_Tutorials" time="15.910" errors="0" timestamp="2023-10-20T17:00:52 GMT-04:00" skipped="0">
  <testcase classname="com_automationday_TestNG.T1_WebElements_Tutorials" name="partialEntry" time="8.652"/>
  <testcase classname="com_automationday_TestNG.T1_WebElements_Tutorials" name="completeEntry" time="7.258"/>
</testsuite> <!-- com_automationday_TestNG.T1_WebElements_Tutorials -->
