<?xml version="1.0" encoding="UTF-8"?>
<!-- Generated by org.testng.reporters.JUnitReportReporter -->
<testsuite hostname="LAPTOP-S8KVD42F" failures="0" tests="1" name="com.automationday_TestNG.TestNG_Rediff" time="22.648" errors="0" timestamp="2023-08-03T10:22:07 GMT-04:00" skipped="0">
  <testcase classname="com.automationday_TestNG.TestNG_Rediff" name="logout" time="22.648"/>
</testsuite> <!-- com.automationday_TestNG.TestNG_Rediff -->
