<?xml version="1.0" encoding="UTF-8"?>
<!-- Generated by org.testng.reporters.JUnitReportReporter -->
<testsuite hostname="LAPTOP-S8KVD42F" failures="0" tests="2" name="com.automationday_TestNG.TestNG_Webpage_Elements_Tutorials" time="18.007" errors="0" timestamp="2023-08-04T16:41:23 GMT-04:00" skipped="0">
  <testcase classname="com.automationday_TestNG.TestNG_Webpage_Elements_Tutorials" name="tutorialsNinjaPositive" time="8.230"/>
  <testcase classname="com.automationday_TestNG.TestNG_Webpage_Elements_Tutorials" name="tutorialsNinjaNegative" time="9.777"/>
</testsuite> <!-- com.automationday_TestNG.TestNG_Webpage_Elements_Tutorials -->
