<?xml version="1.0" encoding="UTF-8"?>
<!-- Generated by org.testng.reporters.JUnitReportReporter -->
<testsuite hostname="LAPTOP-S8KVD42F" failures="0" tests="3" name="com.automationday_TestNG.TestNG_WebElements_Rediff" time="47.816" errors="0" timestamp="2023-09-18T19:18:21 GMT-04:00" skipped="0">
  <testcase classname="com.automationday_TestNG.TestNG_WebElements_Rediff" name="ClickOnSignin" time="6.930"/>
  <testcase classname="com.automationday_TestNG.TestNG_WebElements_Rediff" name="Login" time="21.849"/>
  <testcase classname="com.automationday_TestNG.TestNG_WebElements_Rediff" name="Logout" time="19.037"/>
</testsuite> <!-- com.automationday_TestNG.TestNG_WebElements_Rediff -->
