<?xml version="1.0" encoding="UTF-8"?>
<!-- Generated by org.testng.reporters.JUnitReportReporter -->
<testsuite hostname="LAPTOP-S8KVD42F" failures="0" tests="2" name="com.automationday_TestNG.TestNG_Tutorials" time="20.340" errors="0" timestamp="2023-08-03T14:57:09 GMT-04:00" skipped="0">
  <testcase classname="com.automationday_TestNG.TestNG_Tutorials" name="login" time="7.672"/>
  <testcase classname="com.automationday_TestNG.TestNG_Tutorials" name="logout" time="12.668"/>
</testsuite> <!-- com.automationday_TestNG.TestNG_Tutorials -->
