<?xml version="1.0" encoding="UTF-8"?>
<!-- Generated by org.testng.reporters.JUnitReportReporter -->
<testsuite hostname="LAPTOP-S8KVD42F" failures="0" tests="1" name="com.automationday_TestNG.Y1_Asserts" time="7.525" errors="0" timestamp="2023-09-22T00:33:05 GMT-04:00" skipped="0">
  <testcase classname="com.automationday_TestNG.Y1_Asserts" name="negativeLogin" time="7.525"/>
</testsuite> <!-- com.automationday_TestNG.Y1_Asserts -->
