<?xml version="1.0" encoding="UTF-8"?>
<!-- Generated by org.testng.reporters.JUnitReportReporter -->
<testsuite hostname="LAPTOP-S8KVD42F" failures="0" tests="3" name="com.automationday_TestNG.A_TestNG_Practise" time="28.506" errors="0" timestamp="2023-09-18T20:55:26 GMT-04:00" skipped="1">
  <testcase classname="com.automationday_TestNG.A_TestNG_Practise" name="Tc1" time="18.741"/>
  <testcase classname="com.automationday_TestNG.A_TestNG_Practise" name="Tc3" time="9.765"/>
  <testcase classname="com.automationday_TestNG.A_TestNG_Practise" name="Tc2">
    <skipped/>
  </testcase> <!-- Tc2 -->
</testsuite> <!-- com.automationday_TestNG.A_TestNG_Practise -->
