<?xml version="1.0" encoding="UTF-8"?>
<!-- Generated by org.testng.reporters.JUnitReportReporter -->
<testsuite hostname="LAPTOP-S8KVD42F" failures="0" tests="1" name="com_automationday_TestNG.MouseActionsTest" time="6.101" errors="0" timestamp="2023-10-02T01:48:00 GMT-04:00" skipped="0">
  <testcase classname="com_automationday_TestNG.MouseActionsTest" name="setup" time="6.101"/>
</testsuite> <!-- com_automationday_TestNG.MouseActionsTest -->
