<?xml version="1.0" encoding="UTF-8"?>
<!-- Generated by org.testng.reporters.JUnitReportReporter -->
<testsuite hostname="LAPTOP-S8KVD42F" failures="0" tests="1" name="com_automationday_TestNG.Alerts_Handling" time="9.229" errors="0" timestamp="2023-10-01T09:54:28 GMT-04:00" skipped="0">
  <testcase classname="com_automationday_TestNG.Alerts_Handling" name="setup" time="9.229"/>
</testsuite> <!-- com_automationday_TestNG.Alerts_Handling -->
