<?xml version="1.0" encoding="UTF-8"?>
<!-- Generated by org.testng.reporters.JUnitReportReporter -->
<testsuite hostname="LAPTOP-S8KVD42F" failures="0" tests="7" name="com_automationday_TestNG.Y3_TestCases_Excell_DataProvider" time="70.726" errors="0" timestamp="2023-09-29T09:01:37 GMT-04:00" skipped="0">
  <testcase classname="com_automationday_TestNG.Y3_TestCases_Excell_DataProvider" name="YourTestMethod" time="9.337"/>
  <testcase classname="com_automationday_TestNG.Y3_TestCases_Excell_DataProvider" name="YourTestMethod" time="8.171"/>
  <testcase classname="com_automationday_TestNG.Y3_TestCases_Excell_DataProvider" name="YourTestMethod" time="8.901"/>
  <testcase classname="com_automationday_TestNG.Y3_TestCases_Excell_DataProvider" name="YourTestMethod" time="13.545"/>
  <testcase classname="com_automationday_TestNG.Y3_TestCases_Excell_DataProvider" name="YourTestMethod" time="13.088"/>
  <testcase classname="com_automationday_TestNG.Y3_TestCases_Excell_DataProvider" name="YourTestMethod" time="8.284"/>
  <testcase classname="com_automationday_TestNG.Y3_TestCases_Excell_DataProvider" name="YourTestMethod" time="9.400"/>
</testsuite> <!-- com_automationday_TestNG.Y3_TestCases_Excell_DataProvider -->
