<?xml version="1.0" encoding="UTF-8"?>
<!-- Generated by org.testng.reporters.JUnitReportReporter -->
<testsuite hostname="LAPTOP-S8KVD42F" failures="0" tests="2" name="com_automationday_TestNG.T2_WebElements_Rediff" time="64.270" errors="0" timestamp="2023-10-20T17:00:52 GMT-04:00" skipped="0">
  <testcase classname="com_automationday_TestNG.T2_WebElements_Rediff" name="Login" time="18.389"/>
  <testcase classname="com_automationday_TestNG.T2_WebElements_Rediff" name="Logout" time="45.881"/>
</testsuite> <!-- com_automationday_TestNG.T2_WebElements_Rediff -->
