<?xml version="1.0" encoding="UTF-8"?>
<!-- Generated by org.testng.reporters.JUnitReportReporter -->
<testsuite hostname="LAPTOP-S8KVD42F" failures="0" tests="12" name="com.automationday_TestNG.Y_DataProviders" time="0.030" errors="0" timestamp="2023-09-18T23:33:56 GMT-04:00" skipped="0">
  <testcase classname="com.automationday_TestNG.Y_DataProviders" name="AddUser" time="0.012"/>
  <testcase classname="com.automationday_TestNG.Y_DataProviders" name="AddUser" time="0.002"/>
  <testcase classname="com.automationday_TestNG.Y_DataProviders" name="AddUser3" time="0.002"/>
  <testcase classname="com.automationday_TestNG.Y_DataProviders" name="AddUser2" time="0.001"/>
  <testcase classname="com.automationday_TestNG.Y_DataProviders" name="AddUser" time="0.001"/>
  <testcase classname="com.automationday_TestNG.Y_DataProviders" name="AddUser2" time="0.001"/>
  <testcase classname="com.automationday_TestNG.Y_DataProviders" name="AddUser2" time="0.002"/>
  <testcase classname="com.automationday_TestNG.Y_DataProviders" name="AddUser" time="0.002"/>
  <testcase classname="com.automationday_TestNG.Y_DataProviders" name="AddUser3" time="0.001"/>
  <testcase classname="com.automationday_TestNG.Y_DataProviders" name="AddUser2" time="0.002"/>
  <testcase classname="com.automationday_TestNG.Y_DataProviders" name="AddUser3" time="0.002"/>
  <testcase classname="com.automationday_TestNG.Y_DataProviders" name="AddUser3" time="0.002"/>
</testsuite> <!-- com.automationday_TestNG.Y_DataProviders -->
