<?xml version="1.0" encoding="UTF-8"?>
<!-- Generated by org.testng.reporters.JUnitReportReporter -->
<testsuite hostname="LAPTOP-S8KVD42F" failures="0" tests="1" name="com_automationday_TestNG.MOE" time="18.431" errors="0" timestamp="2023-10-07T10:13:19 GMT-04:00" skipped="0">
  <testcase classname="com_automationday_TestNG.MOE" name="setup" time="18.431"/>
</testsuite> <!-- com_automationday_TestNG.MOE -->
