<?xml version="1.0" encoding="UTF-8"?>
<!-- Generated by org.testng.reporters.JUnitReportReporter -->
<testsuite hostname="LAPTOP-S8KVD42F" failures="0" tests="2" name="com.automationday_TestNG.TestNG_Webpage_Elements_Rediff" time="35.281" errors="0" timestamp="2023-08-04T16:24:32 GMT-04:00" skipped="0">
  <testcase classname="com.automationday_TestNG.TestNG_Webpage_Elements_Rediff" name="rediffPositive" time="19.409"/>
  <testcase classname="com.automationday_TestNG.TestNG_Webpage_Elements_Rediff" name="rediffNegative" time="15.872"/>
</testsuite> <!-- com.automationday_TestNG.TestNG_Webpage_Elements_Rediff -->
